<?xml version="1.0" encoding="UTF-8"?>
<testsuite name="com.kafkatest.kafkatestproject.KafkaTestProjectApplicationTests" tests="1" skipped="0" failures="0" errors="0" timestamp="2023-05-08T10:00:10" hostname="lukeshome" time="0.345">
  <properties/>
  <testcase name="contextLoads()" classname="com.kafkatest.kafkatestproject.KafkaTestProjectApplicationTests" time="0.345"/>
  <system-out><![CDATA[22:00:08.211 [Test worker] DEBUG org.springframework.boot.test.context.SpringBootTestContextBootstrapper -- Neither @ContextConfiguration nor @ContextHierarchy found for test class [KafkaTestProjectApplicationTests]: using SpringBootContextLoader
22:00:08.217 [Test worker] DEBUG org.springframework.test.context.support.AbstractContextLoader -- Could not detect default resource locations for test class [com.kafkatest.kafkatestproject.KafkaTestProjectApplicationTests]: no resource found for suffixes {-context.xml, Context.groovy}.
22:00:08.218 [Test worker] INFO org.springframework.test.context.support.AnnotationConfigContextLoaderUtils -- Could not detect default configuration classes for test class [com.kafkatest.kafkatestproject.KafkaTestProjectApplicationTests]: KafkaTestProjectApplicationTests does not declare any static, non-private, non-final, nested classes annotated with @Configuration.
22:00:08.238 [Test worker] DEBUG org.springframework.boot.test.context.SpringBootTestContextBootstrapper -- Using ContextCustomizers for test class [KafkaTestProjectApplicationTests]: [DisableObservabilityContextCustomizer, PropertyMappingContextCustomizer, Customizer, ExcludeFilterContextCustomizer, DuplicateJsonObjectContextCustomizer, MockitoContextCustomizer, TestRestTemplateContextCustomizer]
22:00:08.302 [Test worker] DEBUG org.springframework.context.annotation.ClassPathScanningCandidateComponentProvider -- Identified candidate component class: file [/home/luke/workspace/kafkaPractice/build/classes/java/main/com/kafkatest/kafkatestproject/KafkaApplication.class]
22:00:08.321 [Test worker] INFO org.springframework.boot.test.context.SpringBootTestContextBootstrapper -- Found @SpringBootConfiguration com.kafkatest.kafkatestproject.KafkaApplication for test class com.kafkatest.kafkatestproject.KafkaTestProjectApplicationTests
22:00:08.395 [Test worker] DEBUG org.springframework.boot.test.context.SpringBootTestContextBootstrapper -- Using TestExecutionListeners for test class [KafkaTestProjectApplicationTests]: [ServletTestExecutionListener, DirtiesContextBeforeModesTestExecutionListener, ApplicationEventsTestExecutionListener, MockitoTestExecutionListener, DependencyInjectionTestExecutionListener, DirtiesContextTestExecutionListener, TransactionalTestExecutionListener, SqlScriptsTestExecutionListener, EventPublishingTestExecutionListener, RestDocsTestExecutionListener, MockRestServiceServerResetTestExecutionListener, MockMvcPrintOnlyOnFailureTestExecutionListener, WebDriverTestExecutionListener, MockWebServiceServerTestExecutionListener, ResetMocksTestExecutionListener]
22:00:08.396 [Test worker] DEBUG org.springframework.test.context.support.AbstractDirtiesContextTestExecutionListener -- Before test class: class [KafkaTestProjectApplicationTests], class annotated with @DirtiesContext [false] with mode [null]

  .   ____          _            __ _ _
 /\\ / ___'_ __ _ _(_)_ __  __ _ \ \ \ \
( ( )\___ | '_ | '_| | '_ \/ _` | \ \ \ \
 \\/  ___)| |_)| | | | | || (_| |  ) ) ) )
  '  |____| .__|_| |_|_| |_\__, | / / / /
 =========|_|==============|___/=/_/_/_/
 :: Spring Boot ::                (v3.0.6)

2023-05-08T22:00:08.638+12:00  INFO 436640 --- [    Test worker] c.k.k.KafkaTestProjectApplicationTests   : Starting KafkaTestProjectApplicationTests using Java 17.0.7 with PID 436640 (started by luke in /home/luke/workspace/kafkaPractice)
2023-05-08T22:00:08.639+12:00  INFO 436640 --- [    Test worker] c.k.k.KafkaTestProjectApplicationTests   : No active profile set, falling back to 1 default profile: "default"
2023-05-08T22:00:09.845+12:00  INFO 436640 --- [    Test worker] o.a.k.clients.admin.AdminClientConfig    : AdminClientConfig values: 
	bootstrap.servers = [192.168.20.225:9092]
	client.dns.lookup = use_all_dns_ips
	client.id = 
	connections.max.idle.ms = 300000
	default.api.timeout.ms = 60000
	metadata.max.age.ms = 300000
	metric.reporters = []
	metrics.num.samples = 2
	metrics.recording.level = INFO
	metrics.sample.window.ms = 30000
	receive.buffer.bytes = 65536
	reconnect.backoff.max.ms = 1000
	reconnect.backoff.ms = 50
	request.timeout.ms = 30000
	retries = 2147483647
	retry.backoff.ms = 100
	sasl.client.callback.handler.class = null
	sasl.jaas.config = null
	sasl.kerberos.kinit.cmd = /usr/bin/kinit
	sasl.kerberos.min.time.before.relogin = 60000
	sasl.kerberos.service.name = null
	sasl.kerberos.ticket.renew.jitter = 0.05
	sasl.kerberos.ticket.renew.window.factor = 0.8
	sasl.login.callback.handler.class = null
	sasl.login.class = null
	sasl.login.connect.timeout.ms = null
	sasl.login.read.timeout.ms = null
	sasl.login.refresh.buffer.seconds = 300
	sasl.login.refresh.min.period.seconds = 60
	sasl.login.refresh.window.factor = 0.8
	sasl.login.refresh.window.jitter = 0.05
	sasl.login.retry.backoff.max.ms = 10000
	sasl.login.retry.backoff.ms = 100
	sasl.mechanism = GSSAPI
	sasl.oauthbearer.clock.skew.seconds = 30
	sasl.oauthbearer.expected.audience = null
	sasl.oauthbearer.expected.issuer = null
	sasl.oauthbearer.jwks.endpoint.refresh.ms = 3600000
	sasl.oauthbearer.jwks.endpoint.retry.backoff.max.ms = 10000
	sasl.oauthbearer.jwks.endpoint.retry.backoff.ms = 100
	sasl.oauthbearer.jwks.endpoint.url = null
	sasl.oauthbearer.scope.claim.name = scope
	sasl.oauthbearer.sub.claim.name = sub
	sasl.oauthbearer.token.endpoint.url = null
	security.protocol = PLAINTEXT
	security.providers = null
	send.buffer.bytes = 131072
	socket.connection.setup.timeout.max.ms = 30000
	socket.connection.setup.timeout.ms = 10000
	ssl.cipher.suites = null
	ssl.enabled.protocols = [TLSv1.2, TLSv1.3]
	ssl.endpoint.identification.algorithm = https
	ssl.engine.factory.class = null
	ssl.key.password = null
	ssl.keymanager.algorithm = SunX509
	ssl.keystore.certificate.chain = null
	ssl.keystore.key = null
	ssl.keystore.location = null
	ssl.keystore.password = null
	ssl.keystore.type = JKS
	ssl.protocol = TLSv1.3
	ssl.provider = null
	ssl.secure.random.implementation = null
	ssl.trustmanager.algorithm = PKIX
	ssl.truststore.certificates = null
	ssl.truststore.location = null
	ssl.truststore.password = null
	ssl.truststore.type = JKS

2023-05-08T22:00:10.002+12:00  INFO 436640 --- [    Test worker] o.a.kafka.common.utils.AppInfoParser     : Kafka version: 3.3.2
2023-05-08T22:00:10.004+12:00  INFO 436640 --- [    Test worker] o.a.kafka.common.utils.AppInfoParser     : Kafka commitId: b66af662e61082cb
2023-05-08T22:00:10.004+12:00  INFO 436640 --- [    Test worker] o.a.kafka.common.utils.AppInfoParser     : Kafka startTimeMs: 1683540010000
2023-05-08T22:00:10.319+12:00  INFO 436640 --- [| adminclient-1] o.a.kafka.common.utils.AppInfoParser     : App info kafka.admin.client for adminclient-1 unregistered
2023-05-08T22:00:10.327+12:00  INFO 436640 --- [| adminclient-1] o.apache.kafka.common.metrics.Metrics    : Metrics scheduler closed
2023-05-08T22:00:10.328+12:00  INFO 436640 --- [| adminclient-1] o.apache.kafka.common.metrics.Metrics    : Closing reporter org.apache.kafka.common.metrics.JmxReporter
2023-05-08T22:00:10.328+12:00  INFO 436640 --- [| adminclient-1] o.apache.kafka.common.metrics.Metrics    : Metrics reporters closed
2023-05-08T22:00:10.357+12:00  INFO 436640 --- [    Test worker] o.a.k.clients.consumer.ConsumerConfig    : ConsumerConfig values: 
	allow.auto.create.topics = true
	auto.commit.interval.ms = 5000
	auto.offset.reset = latest
	bootstrap.servers = [192.168.20.225:9092]
	check.crcs = true
	client.dns.lookup = use_all_dns_ips
	client.id = consumer-groupId-1
	client.rack = 
	connections.max.idle.ms = 540000
	default.api.timeout.ms = 60000
	enable.auto.commit = false
	exclude.internal.topics = true
	fetch.max.bytes = 52428800
	fetch.max.wait.ms = 500
	fetch.min.bytes = 1
	group.id = groupId
	group.instance.id = null
	heartbeat.interval.ms = 3000
	interceptor.classes = []
	internal.leave.group.on.close = true
	internal.throw.on.fetch.stable.offset.unsupported = false
	isolation.level = read_uncommitted
	key.deserializer = class org.apache.kafka.common.serialization.StringDeserializer
	max.partition.fetch.bytes = 1048576
	max.poll.interval.ms = 300000
	max.poll.records = 500
	metadata.max.age.ms = 300000
	metric.reporters = []
	metrics.num.samples = 2
	metrics.recording.level = INFO
	metrics.sample.window.ms = 30000
	partition.assignment.strategy = [class org.apache.kafka.clients.consumer.RangeAssignor, class org.apache.kafka.clients.consumer.CooperativeStickyAssignor]
	receive.buffer.bytes = 65536
	reconnect.backoff.max.ms = 1000
	reconnect.backoff.ms = 50
	request.timeout.ms = 30000
	retry.backoff.ms = 100
	sasl.client.callback.handler.class = null
	sasl.jaas.config = null
	sasl.kerberos.kinit.cmd = /usr/bin/kinit
	sasl.kerberos.min.time.before.relogin = 60000
	sasl.kerberos.service.name = null
	sasl.kerberos.ticket.renew.jitter = 0.05
	sasl.kerberos.ticket.renew.window.factor = 0.8
	sasl.login.callback.handler.class = null
	sasl.login.class = null
	sasl.login.connect.timeout.ms = null
	sasl.login.read.timeout.ms = null
	sasl.login.refresh.buffer.seconds = 300
	sasl.login.refresh.min.period.seconds = 60
	sasl.login.refresh.window.factor = 0.8
	sasl.login.refresh.window.jitter = 0.05
	sasl.login.retry.backoff.max.ms = 10000
	sasl.login.retry.backoff.ms = 100
	sasl.mechanism = GSSAPI
	sasl.oauthbearer.clock.skew.seconds = 30
	sasl.oauthbearer.expected.audience = null
	sasl.oauthbearer.expected.issuer = null
	sasl.oauthbearer.jwks.endpoint.refresh.ms = 3600000
	sasl.oauthbearer.jwks.endpoint.retry.backoff.max.ms = 10000
	sasl.oauthbearer.jwks.endpoint.retry.backoff.ms = 100
	sasl.oauthbearer.jwks.endpoint.url = null
	sasl.oauthbearer.scope.claim.name = scope
	sasl.oauthbearer.sub.claim.name = sub
	sasl.oauthbearer.token.endpoint.url = null
	security.protocol = PLAINTEXT
	security.providers = null
	send.buffer.bytes = 131072
	session.timeout.ms = 45000
	socket.connection.setup.timeout.max.ms = 30000
	socket.connection.setup.timeout.ms = 10000
	ssl.cipher.suites = null
	ssl.enabled.protocols = [TLSv1.2, TLSv1.3]
	ssl.endpoint.identification.algorithm = https
	ssl.engine.factory.class = null
	ssl.key.password = null
	ssl.keymanager.algorithm = SunX509
	ssl.keystore.certificate.chain = null
	ssl.keystore.key = null
	ssl.keystore.location = null
	ssl.keystore.password = null
	ssl.keystore.type = JKS
	ssl.protocol = TLSv1.3
	ssl.provider = null
	ssl.secure.random.implementation = null
	ssl.trustmanager.algorithm = PKIX
	ssl.truststore.certificates = null
	ssl.truststore.location = null
	ssl.truststore.password = null
	ssl.truststore.type = JKS
	value.deserializer = class org.apache.kafka.common.serialization.StringDeserializer

2023-05-08T22:00:10.388+12:00  INFO 436640 --- [    Test worker] o.a.kafka.common.utils.AppInfoParser     : Kafka version: 3.3.2
2023-05-08T22:00:10.389+12:00  INFO 436640 --- [    Test worker] o.a.kafka.common.utils.AppInfoParser     : Kafka commitId: b66af662e61082cb
2023-05-08T22:00:10.389+12:00  INFO 436640 --- [    Test worker] o.a.kafka.common.utils.AppInfoParser     : Kafka startTimeMs: 1683540010388
2023-05-08T22:00:10.390+12:00  INFO 436640 --- [    Test worker] o.a.k.clients.consumer.KafkaConsumer     : [Consumer clientId=consumer-groupId-1, groupId=groupId] Subscribed to topic(s): lukescode
2023-05-08T22:00:10.406+12:00  INFO 436640 --- [    Test worker] c.k.k.KafkaTestProjectApplicationTests   : Started KafkaTestProjectApplicationTests in 1.98 seconds (process running for 2.895)
2023-05-08T22:00:10.409+12:00  INFO 436640 --- [ntainer#0-0-C-1] org.apache.kafka.clients.Metadata        : [Consumer clientId=consumer-groupId-1, groupId=groupId] Resetting the last seen epoch of partition lukescode-0 to 0 since the associated topicId changed from null to feIqXtfoRlOgC6EoOGOFvQ
2023-05-08T22:00:10.410+12:00  INFO 436640 --- [ntainer#0-0-C-1] org.apache.kafka.clients.Metadata        : [Consumer clientId=consumer-groupId-1, groupId=groupId] Cluster ID: iHE_IQMAS9yD7dfRE5HF6Q
2023-05-08T22:00:10.411+12:00  INFO 436640 --- [ntainer#0-0-C-1] o.a.k.c.c.internals.ConsumerCoordinator  : [Consumer clientId=consumer-groupId-1, groupId=groupId] Discovered group coordinator 192.168.20.225:9092 (id: 2147483647 rack: null)
2023-05-08T22:00:10.413+12:00  INFO 436640 --- [ntainer#0-0-C-1] o.a.k.c.c.internals.ConsumerCoordinator  : [Consumer clientId=consumer-groupId-1, groupId=groupId] (Re-)joining group
2023-05-08T22:00:10.422+12:00  INFO 436640 --- [    Test worker] o.a.k.clients.producer.ProducerConfig    : ProducerConfig values: 
	acks = -1
	batch.size = 16384
	bootstrap.servers = [192.168.20.225:9092]
	buffer.memory = 33554432
	client.dns.lookup = use_all_dns_ips
	client.id = producer-1
	compression.type = none
	connections.max.idle.ms = 540000
	delivery.timeout.ms = 120000
	enable.idempotence = true
	interceptor.classes = []
	key.serializer = class org.apache.kafka.common.serialization.StringSerializer
	linger.ms = 0
	max.block.ms = 60000
	max.in.flight.requests.per.connection = 5
	max.request.size = 1048576
	metadata.max.age.ms = 300000
	metadata.max.idle.ms = 300000
	metric.reporters = []
	metrics.num.samples = 2
	metrics.recording.level = INFO
	metrics.sample.window.ms = 30000
	partitioner.adaptive.partitioning.enable = true
	partitioner.availability.timeout.ms = 0
	partitioner.class = null
	partitioner.ignore.keys = false
	receive.buffer.bytes = 32768
	reconnect.backoff.max.ms = 1000
	reconnect.backoff.ms = 50
	request.timeout.ms = 30000
	retries = 2147483647
	retry.backoff.ms = 100
	sasl.client.callback.handler.class = null
	sasl.jaas.config = null
	sasl.kerberos.kinit.cmd = /usr/bin/kinit
	sasl.kerberos.min.time.before.relogin = 60000
	sasl.kerberos.service.name = null
	sasl.kerberos.ticket.renew.jitter = 0.05
	sasl.kerberos.ticket.renew.window.factor = 0.8
	sasl.login.callback.handler.class = null
	sasl.login.class = null
	sasl.login.connect.timeout.ms = null
	sasl.login.read.timeout.ms = null
	sasl.login.refresh.buffer.seconds = 300
	sasl.login.refresh.min.period.seconds = 60
	sasl.login.refresh.window.factor = 0.8
	sasl.login.refresh.window.jitter = 0.05
	sasl.login.retry.backoff.max.ms = 10000
	sasl.login.retry.backoff.ms = 100
	sasl.mechanism = GSSAPI
	sasl.oauthbearer.clock.skew.seconds = 30
	sasl.oauthbearer.expected.audience = null
	sasl.oauthbearer.expected.issuer = null
	sasl.oauthbearer.jwks.endpoint.refresh.ms = 3600000
	sasl.oauthbearer.jwks.endpoint.retry.backoff.max.ms = 10000
	sasl.oauthbearer.jwks.endpoint.retry.backoff.ms = 100
	sasl.oauthbearer.jwks.endpoint.url = null
	sasl.oauthbearer.scope.claim.name = scope
	sasl.oauthbearer.sub.claim.name = sub
	sasl.oauthbearer.token.endpoint.url = null
	security.protocol = PLAINTEXT
	security.providers = null
	send.buffer.bytes = 131072
	socket.connection.setup.timeout.max.ms = 30000
	socket.connection.setup.timeout.ms = 10000
	ssl.cipher.suites = null
	ssl.enabled.protocols = [TLSv1.2, TLSv1.3]
	ssl.endpoint.identification.algorithm = https
	ssl.engine.factory.class = null
	ssl.key.password = null
	ssl.keymanager.algorithm = SunX509
	ssl.keystore.certificate.chain = null
	ssl.keystore.key = null
	ssl.keystore.location = null
	ssl.keystore.password = null
	ssl.keystore.type = JKS
	ssl.protocol = TLSv1.3
	ssl.provider = null
	ssl.secure.random.implementation = null
	ssl.trustmanager.algorithm = PKIX
	ssl.truststore.certificates = null
	ssl.truststore.location = null
	ssl.truststore.password = null
	ssl.truststore.type = JKS
	transaction.timeout.ms = 60000
	transactional.id = null
	value.serializer = class org.apache.kafka.common.serialization.StringSerializer

2023-05-08T22:00:10.425+12:00  INFO 436640 --- [ntainer#0-0-C-1] o.a.k.c.c.internals.ConsumerCoordinator  : [Consumer clientId=consumer-groupId-1, groupId=groupId] Request joining group due to: need to re-join with the given member-id: consumer-groupId-1-946d707f-3d3f-472f-a7af-9aedd79df9cc
2023-05-08T22:00:10.426+12:00  INFO 436640 --- [ntainer#0-0-C-1] o.a.k.c.c.internals.ConsumerCoordinator  : [Consumer clientId=consumer-groupId-1, groupId=groupId] Request joining group due to: rebalance failed due to 'The group member needs to have a valid member id before actually entering a consumer group.' (MemberIdRequiredException)
2023-05-08T22:00:10.426+12:00  INFO 436640 --- [ntainer#0-0-C-1] o.a.k.c.c.internals.ConsumerCoordinator  : [Consumer clientId=consumer-groupId-1, groupId=groupId] (Re-)joining group
2023-05-08T22:00:10.430+12:00  INFO 436640 --- [ntainer#0-0-C-1] o.a.k.c.c.internals.ConsumerCoordinator  : [Consumer clientId=consumer-groupId-1, groupId=groupId] Successfully joined group with generation Generation{generationId=7, memberId='consumer-groupId-1-946d707f-3d3f-472f-a7af-9aedd79df9cc', protocol='range'}
2023-05-08T22:00:10.431+12:00  INFO 436640 --- [ntainer#0-0-C-1] o.a.k.c.c.internals.ConsumerCoordinator  : [Consumer clientId=consumer-groupId-1, groupId=groupId] Finished assignment for group at generation 7: {consumer-groupId-1-946d707f-3d3f-472f-a7af-9aedd79df9cc=Assignment(partitions=[lukescode-0])}
2023-05-08T22:00:10.433+12:00  INFO 436640 --- [    Test worker] o.a.k.clients.producer.KafkaProducer     : [Producer clientId=producer-1] Instantiated an idempotent producer.
2023-05-08T22:00:10.437+12:00  INFO 436640 --- [ntainer#0-0-C-1] o.a.k.c.c.internals.ConsumerCoordinator  : [Consumer clientId=consumer-groupId-1, groupId=groupId] Successfully synced group in generation Generation{generationId=7, memberId='consumer-groupId-1-946d707f-3d3f-472f-a7af-9aedd79df9cc', protocol='range'}
2023-05-08T22:00:10.442+12:00  INFO 436640 --- [ntainer#0-0-C-1] o.a.k.c.c.internals.ConsumerCoordinator  : [Consumer clientId=consumer-groupId-1, groupId=groupId] Notifying assignor about the new Assignment(partitions=[lukescode-0])
2023-05-08T22:00:10.445+12:00  INFO 436640 --- [ntainer#0-0-C-1] o.a.k.c.c.internals.ConsumerCoordinator  : [Consumer clientId=consumer-groupId-1, groupId=groupId] Adding newly assigned partitions: lukescode-0
2023-05-08T22:00:10.452+12:00  INFO 436640 --- [    Test worker] o.a.kafka.common.utils.AppInfoParser     : Kafka version: 3.3.2
2023-05-08T22:00:10.453+12:00  INFO 436640 --- [    Test worker] o.a.kafka.common.utils.AppInfoParser     : Kafka commitId: b66af662e61082cb
2023-05-08T22:00:10.453+12:00  INFO 436640 --- [    Test worker] o.a.kafka.common.utils.AppInfoParser     : Kafka startTimeMs: 1683540010452
2023-05-08T22:00:10.463+12:00  INFO 436640 --- [ntainer#0-0-C-1] o.a.k.c.c.internals.ConsumerCoordinator  : [Consumer clientId=consumer-groupId-1, groupId=groupId] Setting offset for partition lukescode-0 to the committed offset FetchPosition{offset=1020304, offsetEpoch=Optional.empty, currentLeader=LeaderAndEpoch{leader=Optional[192.168.20.225:9092 (id: 0 rack: null)], epoch=0}}
2023-05-08T22:00:10.463+12:00  INFO 436640 --- [ad | producer-1] org.apache.kafka.clients.Metadata        : [Producer clientId=producer-1] Resetting the last seen epoch of partition lukescode-0 to 0 since the associated topicId changed from null to feIqXtfoRlOgC6EoOGOFvQ
2023-05-08T22:00:10.464+12:00  INFO 436640 --- [ad | producer-1] org.apache.kafka.clients.Metadata        : [Producer clientId=producer-1] Cluster ID: iHE_IQMAS9yD7dfRE5HF6Q
2023-05-08T22:00:10.465+12:00  INFO 436640 --- [ntainer#0-0-C-1] o.s.k.l.KafkaMessageListenerContainer    : groupId: partitions assigned: [lukescode-0]
2023-05-08T22:00:10.465+12:00  INFO 436640 --- [ad | producer-1] o.a.k.c.p.internals.TransactionManager   : [Producer clientId=producer-1] ProducerId set to 8 with epoch 0
Listener received: hello kafka :-) 0 ]]>&#x1f389;<![CDATA[
Listener received: hello kafka :-) 1 ]]>&#x1f389;<![CDATA[
Listener received: hello kafka :-) 2 ]]>&#x1f389;<![CDATA[
Listener received: hello kafka :-) 3 ]]>&#x1f389;<![CDATA[
Listener received: hello kafka :-) 4 ]]>&#x1f389;<![CDATA[
Listener received: hello kafka :-) 5 ]]>&#x1f389;<![CDATA[
Listener received: hello kafka :-) 6 ]]>&#x1f389;<![CDATA[
Listener received: hello kafka :-) 7 ]]>&#x1f389;<![CDATA[
Listener received: hello kafka :-) 8 ]]>&#x1f389;<![CDATA[
Listener received: hello kafka :-) 9 ]]>&#x1f389;<![CDATA[
Listener received: hello kafka :-) 10 ]]>&#x1f389;<![CDATA[
Listener received: hello kafka :-) 11 ]]>&#x1f389;<![CDATA[
Listener received: hello kafka :-) 12 ]]>&#x1f389;<![CDATA[
Listener received: hello kafka :-) 13 ]]>&#x1f389;<![CDATA[
Listener received: hello kafka :-) 14 ]]>&#x1f389;<![CDATA[
Listener received: hello kafka :-) 15 ]]>&#x1f389;<![CDATA[
Listener received: hello kafka :-) 16 ]]>&#x1f389;<![CDATA[
Listener received: hello kafka :-) 17 ]]>&#x1f389;<![CDATA[
Listener received: hello kafka :-) 18 ]]>&#x1f389;<![CDATA[
Listener received: hello kafka :-) 19 ]]>&#x1f389;<![CDATA[
Listener received: hello kafka :-) 20 ]]>&#x1f389;<![CDATA[
Listener received: hello kafka :-) 21 ]]>&#x1f389;<![CDATA[
Listener received: hello kafka :-) 22 ]]>&#x1f389;<![CDATA[
Listener received: hello kafka :-) 23 ]]>&#x1f389;<![CDATA[
Listener received: hello kafka :-) 24 ]]>&#x1f389;<![CDATA[
Listener received: hello kafka :-) 25 ]]>&#x1f389;<![CDATA[
Listener received: hello kafka :-) 26 ]]>&#x1f389;<![CDATA[
Listener received: hello kafka :-) 27 ]]>&#x1f389;<![CDATA[
Listener received: hello kafka :-) 28 ]]>&#x1f389;<![CDATA[
Listener received: hello kafka :-) 29 ]]>&#x1f389;<![CDATA[
Listener received: hello kafka :-) 30 ]]>&#x1f389;<![CDATA[
Listener received: hello kafka :-) 31 ]]>&#x1f389;<![CDATA[
Listener received: hello kafka :-) 32 ]]>&#x1f389;<![CDATA[
Listener received: hello kafka :-) 33 ]]>&#x1f389;<![CDATA[
Listener received: hello kafka :-) 34 ]]>&#x1f389;<![CDATA[
Listener received: hello kafka :-) 35 ]]>&#x1f389;<![CDATA[
Listener received: hello kafka :-) 36 ]]>&#x1f389;<![CDATA[
Listener received: hello kafka :-) 37 ]]>&#x1f389;<![CDATA[
Listener received: hello kafka :-) 38 ]]>&#x1f389;<![CDATA[
Listener received: hello kafka :-) 39 ]]>&#x1f389;<![CDATA[
Listener received: hello kafka :-) 40 ]]>&#x1f389;<![CDATA[
Listener received: hello kafka :-) 41 ]]>&#x1f389;<![CDATA[
Listener received: hello kafka :-) 42 ]]>&#x1f389;<![CDATA[
Listener received: hello kafka :-) 43 ]]>&#x1f389;<![CDATA[
Listener received: hello kafka :-) 44 ]]>&#x1f389;<![CDATA[
Listener received: hello kafka :-) 45 ]]>&#x1f389;<![CDATA[
Listener received: hello kafka :-) 46 ]]>&#x1f389;<![CDATA[
Listener received: hello kafka :-) 47 ]]>&#x1f389;<![CDATA[
Listener received: hello kafka :-) 48 ]]>&#x1f389;<![CDATA[
Listener received: hello kafka :-) 49 ]]>&#x1f389;<![CDATA[
Listener received: hello kafka :-) 50 ]]>&#x1f389;<![CDATA[
Listener received: hello kafka :-) 51 ]]>&#x1f389;<![CDATA[
Listener received: hello kafka :-) 52 ]]>&#x1f389;<![CDATA[
Listener received: hello kafka :-) 53 ]]>&#x1f389;<![CDATA[
Listener received: hello kafka :-) 54 ]]>&#x1f389;<![CDATA[
Listener received: hello kafka :-) 55 ]]>&#x1f389;<![CDATA[
Listener received: hello kafka :-) 56 ]]>&#x1f389;<![CDATA[
Listener received: hello kafka :-) 57 ]]>&#x1f389;<![CDATA[
Listener received: hello kafka :-) 58 ]]>&#x1f389;<![CDATA[
Listener received: hello kafka :-) 59 ]]>&#x1f389;<![CDATA[
Listener received: hello kafka :-) 60 ]]>&#x1f389;<![CDATA[
Listener received: hello kafka :-) 61 ]]>&#x1f389;<![CDATA[
Listener received: hello kafka :-) 62 ]]>&#x1f389;<![CDATA[
Listener received: hello kafka :-) 63 ]]>&#x1f389;<![CDATA[
Listener received: hello kafka :-) 64 ]]>&#x1f389;<![CDATA[
Listener received: hello kafka :-) 65 ]]>&#x1f389;<![CDATA[
Listener received: hello kafka :-) 66 ]]>&#x1f389;<![CDATA[
Listener received: hello kafka :-) 67 ]]>&#x1f389;<![CDATA[
Listener received: hello kafka :-) 68 ]]>&#x1f389;<![CDATA[
Listener received: hello kafka :-) 69 ]]>&#x1f389;<![CDATA[
Listener received: hello kafka :-) 70 ]]>&#x1f389;<![CDATA[
Listener received: hello kafka :-) 71 ]]>&#x1f389;<![CDATA[
Listener received: hello kafka :-) 72 ]]>&#x1f389;<![CDATA[
Listener received: hello kafka :-) 73 ]]>&#x1f389;<![CDATA[
Listener received: hello kafka :-) 74 ]]>&#x1f389;<![CDATA[
Listener received: hello kafka :-) 75 ]]>&#x1f389;<![CDATA[
Listener received: hello kafka :-) 76 ]]>&#x1f389;<![CDATA[
Listener received: hello kafka :-) 77 ]]>&#x1f389;<![CDATA[
Listener received: hello kafka :-) 78 ]]>&#x1f389;<![CDATA[
Listener received: hello kafka :-) 79 ]]>&#x1f389;<![CDATA[
Listener received: hello kafka :-) 80 ]]>&#x1f389;<![CDATA[
Listener received: hello kafka :-) 81 ]]>&#x1f389;<![CDATA[
Listener received: hello kafka :-) 82 ]]>&#x1f389;<![CDATA[
Listener received: hello kafka :-) 83 ]]>&#x1f389;<![CDATA[
Listener received: hello kafka :-) 84 ]]>&#x1f389;<![CDATA[
Listener received: hello kafka :-) 85 ]]>&#x1f389;<![CDATA[
Listener received: hello kafka :-) 86 ]]>&#x1f389;<![CDATA[
Listener received: hello kafka :-) 87 ]]>&#x1f389;<![CDATA[
Listener received: hello kafka :-) 88 ]]>&#x1f389;<![CDATA[
Listener received: hello kafka :-) 89 ]]>&#x1f389;<![CDATA[
Listener received: hello kafka :-) 90 ]]>&#x1f389;<![CDATA[
Listener received: hello kafka :-) 91 ]]>&#x1f389;<![CDATA[
Listener received: hello kafka :-) 92 ]]>&#x1f389;<![CDATA[
Listener received: hello kafka :-) 93 ]]>&#x1f389;<![CDATA[
Listener received: hello kafka :-) 94 ]]>&#x1f389;<![CDATA[
Listener received: hello kafka :-) 95 ]]>&#x1f389;<![CDATA[
Listener received: hello kafka :-) 96 ]]>&#x1f389;<![CDATA[
Listener received: hello kafka :-) 97 ]]>&#x1f389;<![CDATA[
Listener received: hello kafka :-) 98 ]]>&#x1f389;<![CDATA[
Listener received: hello kafka :-) 99 ]]>&#x1f389;<![CDATA[
]]></system-out>
  <system-err><![CDATA[]]></system-err>
</testsuite>
